2026-06-30 12:49:35,362 [INFO] Starting tweet pipeline...
2026-06-30 12:50:30,684 [INFO] Starting tweet pipeline...
2026-06-30 12:50:33,207 [INFO] Starting tweet pipeline...
2026-06-30 12:50:36,078 [INFO] Starting tweet pipeline...
2026-06-30 12:50:39,479 [INFO] Starting tweet pipeline...
2026-06-30 12:50:43,613 [INFO] Starting tweet pipeline...
2026-06-30 12:50:49,455 [INFO] Starting tweet pipeline...
2026-06-30 12:55:24,630 [INFO] Starting tweet pipeline...
2026-06-30 12:55:30,086 [INFO] Starting tweet pipeline...
2026-06-30 12:55:35,670 [INFO] Starting tweet pipeline...
2026-06-30 12:55:42,762 [INFO] Starting tweet pipeline...
2026-06-30 12:55:49,901 [INFO] Starting tweet pipeline...
2026-06-30 12:55:58,066 [INFO] Starting tweet pipeline...
2026-06-30 12:56:07,857 [INFO] Starting tweet pipeline...
2026-06-30 12:56:20,714 [INFO] Starting tweet pipeline...
2026-06-30 12:56:40,966 [INFO] Starting tweet pipeline...
2026-06-30 12:56:54,773 [INFO] Collected 0 tweets.
2026-06-30 12:56:58,239 [INFO] Starting tweet pipeline...
2026-06-30 12:57:12,536 [INFO] Collected 0 tweets.
2026-06-30 12:57:16,571 [INFO] Starting tweet pipeline...
2026-06-30 12:57:30,572 [INFO] Collected 0 tweets.
2026-06-30 12:57:34,611 [INFO] Starting tweet pipeline...
2026-06-30 12:57:48,511 [INFO] Collected 0 tweets.
2026-06-30 12:57:52,149 [INFO] Starting tweet pipeline...
2026-06-30 12:58:06,049 [INFO] Collected 0 tweets.
2026-06-30 12:58:09,498 [INFO] Starting tweet pipeline...
2026-06-30 12:58:23,105 [INFO] Collected 0 tweets.
2026-06-30 12:58:26,477 [INFO] Starting tweet pipeline...
2026-06-30 12:58:37,222 [INFO] Starting tweet pipeline...
2026-06-30 12:58:54,779 [INFO] Starting tweet pipeline...
2026-06-30 12:59:12,062 [INFO] Starting tweet pipeline...
2026-06-30 12:59:29,705 [INFO] Starting tweet pipeline...
2026-06-30 13:00:49,166 [INFO] Starting tweet pipeline...
2026-06-30 13:01:14,960 [INFO] Collected 0 tweets.
2026-06-30 13:01:18,117 [INFO] Starting tweet pipeline...
2026-06-30 13:01:43,940 [INFO] Collected 0 tweets.
2026-06-30 13:01:47,524 [INFO] Starting tweet pipeline...
2026-06-30 13:02:13,605 [INFO] Collected 0 tweets.
2026-06-30 13:02:16,976 [INFO] Starting tweet pipeline...
2026-06-30 13:02:42,862 [INFO] Starting tweet pipeline...
2026-06-30 13:02:57,481 [INFO] Collected 0 tweets.
2026-06-30 13:02:57,506 [INFO] Cleaned dataset: 0 tweets after deduplication.
2026-06-30 13:02:57,541 [INFO] Saved data to data/output.parquet
2026-06-30 13:03:00,735 [INFO] Starting tweet pipeline...
2026-06-30 13:03:14,524 [INFO] Collected 0 tweets.
2026-06-30 13:03:14,549 [INFO] Cleaned dataset: 0 tweets after deduplication.
2026-06-30 13:03:14,584 [INFO] Saved data to data/output.parquet
2026-06-30 13:03:17,767 [INFO] Starting tweet pipeline...
2026-06-30 13:03:32,113 [INFO] Collected 0 tweets.
2026-06-30 13:03:32,154 [INFO] Cleaned dataset: 0 tweets after deduplication.
2026-06-30 13:03:32,201 [INFO] Saved data to data/output.parquet
2026-06-30 13:03:35,852 [INFO] Starting tweet pipeline...
2026-06-30 13:03:49,912 [INFO] Collected 0 tweets.
2026-06-30 13:03:49,949 [INFO] Cleaned dataset: 0 tweets after deduplication.
2026-06-30 13:03:49,988 [INFO] Saved data to data/output.parquet
2026-06-30 13:03:53,338 [INFO] Starting tweet pipeline...
2026-06-30 13:04:07,321 [INFO] Collected 0 tweets.
2026-06-30 13:04:07,367 [INFO] Cleaned dataset: 0 tweets after deduplication.
2026-06-30 13:04:07,412 [INFO] Saved data to data/output.parquet
2026-06-30 13:04:10,875 [INFO] Starting tweet pipeline...
2026-06-30 13:04:19,575 [INFO] Starting tweet pipeline...
2026-06-30 13:04:33,500 [INFO] Collected 0 tweets.
2026-06-30 13:04:33,539 [INFO] Cleaned dataset: 0 tweets after deduplication.
2026-06-30 13:04:33,582 [INFO] Saved data to data/output.parquet
2026-06-30 13:04:33,584 [WARNING] Signal generation skipped: No text data available for signal generation.
2026-06-30 13:04:33,724 [INFO] Visualization saved.
2026-06-30 13:04:37,251 [INFO] Starting tweet pipeline...
2026-06-30 13:04:51,393 [INFO] Collected 0 tweets.
2026-06-30 13:04:51,434 [INFO] Cleaned dataset: 0 tweets after deduplication.
2026-06-30 13:04:51,478 [INFO] Saved data to data/output.parquet
2026-06-30 13:04:51,479 [WARNING] Signal generation skipped: No text data available for signal generation.
2026-06-30 13:04:51,627 [INFO] Visualization saved.
2026-06-30 13:04:55,088 [INFO] Starting tweet pipeline...
2026-06-30 13:05:09,277 [INFO] Collected 0 tweets.
2026-06-30 13:05:09,313 [INFO] Cleaned dataset: 0 tweets after deduplication.
2026-06-30 13:05:09,357 [INFO] Saved data to data/output.parquet
2026-06-30 13:05:09,359 [WARNING] Signal generation skipped: No text data available for signal generation.
2026-06-30 13:05:09,552 [INFO] Visualization saved.
2026-06-30 13:05:13,073 [INFO] Starting tweet pipeline...
2026-06-30 13:05:26,942 [INFO] Collected 0 tweets.
2026-06-30 13:05:26,967 [INFO] Cleaned dataset: 0 tweets after deduplication.
2026-06-30 13:05:27,003 [INFO] Saved data to data/output.parquet
2026-06-30 13:05:27,004 [WARNING] Signal generation skipped: No text data available for signal generation.
2026-06-30 13:05:27,134 [INFO] Visualization saved.
2026-06-30 13:05:30,399 [INFO] Starting tweet pipeline...
2026-06-30 13:05:44,397 [INFO] Collected 0 tweets.
2026-06-30 13:05:44,425 [INFO] Cleaned dataset: 0 tweets after deduplication.
2026-06-30 13:05:44,461 [INFO] Saved data to data/output.parquet
2026-06-30 13:05:44,463 [WARNING] Signal generation skipped: No text data available for signal generation.
2026-06-30 13:05:44,590 [INFO] Visualization saved.
2026-06-30 13:05:48,003 [INFO] Starting tweet pipeline...
2026-06-30 13:06:02,118 [INFO] Collected 0 tweets.
2026-06-30 13:06:02,161 [INFO] Cleaned dataset: 0 tweets after deduplication.
2026-06-30 13:06:02,212 [INFO] Saved data to data/output.parquet
2026-06-30 13:06:02,214 [WARNING] Signal generation skipped: No text data available for signal generation.
2026-06-30 13:06:02,377 [INFO] Visualization saved.
2026-06-30 13:06:05,818 [INFO] Starting tweet pipeline...
2026-06-30 13:06:22,061 [INFO] Starting tweet pipeline...
2026-06-30 13:06:48,235 [INFO] Collected 0 tweets.
2026-06-30 13:06:48,263 [INFO] Cleaned dataset: 0 tweets after deduplication.
2026-06-30 13:06:48,298 [INFO] Saved data to data/output.parquet
2026-06-30 13:06:48,299 [WARNING] Signal generation skipped: No text data available for signal generation.
2026-06-30 13:06:48,417 [INFO] Visualization saved.
2026-06-30 13:06:51,554 [INFO] Starting tweet pipeline...
2026-06-30 13:07:17,227 [INFO] Collected 0 tweets.
2026-06-30 13:07:17,250 [INFO] Cleaned dataset: 0 tweets after deduplication.
2026-06-30 13:07:17,284 [INFO] Saved data to data/output.parquet
2026-06-30 13:07:17,285 [WARNING] Signal generation skipped: No text data available for signal generation.
2026-06-30 13:07:17,402 [INFO] Visualization saved.
2026-06-30 13:07:20,517 [INFO] Starting tweet pipeline...
2026-06-30 13:07:46,356 [INFO] Collected 0 tweets.
2026-06-30 13:07:46,391 [INFO] Cleaned dataset: 0 tweets after deduplication.
2026-06-30 13:07:46,439 [INFO] Saved data to data/output.parquet
2026-06-30 13:07:46,441 [WARNING] Signal generation skipped: No text data available for signal generation.
2026-06-30 13:07:46,685 [INFO] Visualization saved.
2026-06-30 13:07:50,020 [INFO] Starting tweet pipeline...
2026-06-30 13:08:15,901 [INFO] Collected 0 tweets.
2026-06-30 13:08:15,945 [INFO] Cleaned dataset: 0 tweets after deduplication.
2026-06-30 13:08:15,987 [INFO] Saved data to data/output.parquet
2026-06-30 13:08:15,989 [WARNING] Signal generation skipped: No text data available for signal generation.
2026-06-30 13:08:16,151 [INFO] Visualization saved.
2026-06-30 13:08:19,767 [INFO] Starting tweet pipeline...
2026-06-30 13:08:46,047 [INFO] Collected 0 tweets.
2026-06-30 13:08:46,077 [INFO] Cleaned dataset: 0 tweets after deduplication.
2026-06-30 13:08:46,115 [INFO] Saved data to data/output.parquet
2026-06-30 13:08:46,116 [WARNING] Signal generation skipped: No text data available for signal generation.
2026-06-30 13:08:46,249 [INFO] Visualization saved.
2026-06-30 13:08:49,742 [INFO] Starting tweet pipeline...
2026-06-30 13:09:15,673 [INFO] Collected 0 tweets.
2026-06-30 13:09:15,701 [INFO] Cleaned dataset: 0 tweets after deduplication.
2026-06-30 13:09:15,736 [INFO] Saved data to data/output.parquet
2026-06-30 13:09:15,737 [WARNING] Signal generation skipped: No text data available for signal generation.
2026-06-30 13:09:15,855 [INFO] Visualization saved.
2026-06-30 13:09:19,050 [INFO] Starting tweet pipeline...
2026-06-30 13:09:36,407 [INFO] Starting tweet pipeline...
2026-06-30 13:09:53,882 [INFO] Starting tweet pipeline...
2026-06-30 13:10:11,661 [INFO] Starting tweet pipeline...
2026-06-30 13:10:29,803 [INFO] Starting tweet pipeline...
2026-06-30 13:14:16,576 [INFO] Starting tweet pipeline...
2026-06-30 13:14:18,642 [INFO] Starting tweet pipeline...
2026-06-30 13:14:20,739 [INFO] Starting tweet pipeline...
2026-06-30 13:14:23,184 [INFO] Starting tweet pipeline...
2026-06-30 13:14:25,911 [INFO] Starting tweet pipeline...
2026-06-30 13:14:29,614 [INFO] Starting tweet pipeline...
2026-06-30 13:14:37,437 [INFO] Starting tweet pipeline...
2026-06-30 13:14:37,462 [INFO] Collected 2000 tweets.
2026-06-30 13:14:37,488 [INFO] Cleaned dataset: 2000 tweets after deduplication.
2026-06-30 13:14:37,528 [INFO] Saved data to data/output.parquet
2026-06-30 13:14:37,544 [INFO] Generated signals with shape (2000, 10)
2026-06-30 13:14:37,701 [INFO] Visualization saved.
2026-06-30 13:14:39,652 [INFO] Starting tweet pipeline...
2026-06-30 13:14:39,675 [INFO] Collected 2000 tweets.
2026-06-30 13:14:39,699 [INFO] Cleaned dataset: 2000 tweets after deduplication.
2026-06-30 13:14:39,738 [INFO] Saved data to data/output.parquet
2026-06-30 13:14:39,754 [INFO] Generated signals with shape (2000, 10)
2026-06-30 13:14:39,906 [INFO] Visualization saved.
2026-06-30 13:14:41,967 [INFO] Starting tweet pipeline...
2026-06-30 13:14:41,990 [INFO] Collected 2000 tweets.
2026-06-30 13:14:42,014 [INFO] Cleaned dataset: 2000 tweets after deduplication.
2026-06-30 13:14:42,055 [INFO] Saved data to data/output.parquet
2026-06-30 13:14:42,071 [INFO] Generated signals with shape (2000, 10)
2026-06-30 13:14:42,227 [INFO] Visualization saved.
2026-06-30 13:14:44,513 [INFO] Starting tweet pipeline...
2026-06-30 13:14:44,536 [INFO] Collected 2000 tweets.
2026-06-30 13:14:44,560 [INFO] Cleaned dataset: 2000 tweets after deduplication.
2026-06-30 13:14:44,600 [INFO] Saved data to data/output.parquet
2026-06-30 13:14:44,615 [INFO] Generated signals with shape (2000, 10)
2026-06-30 13:14:44,770 [INFO] Visualization saved.
2026-06-30 13:14:47,428 [INFO] Starting tweet pipeline...
2026-06-30 13:14:47,452 [INFO] Collected 2000 tweets.
2026-06-30 13:14:47,475 [INFO] Cleaned dataset: 2000 tweets after deduplication.
2026-06-30 13:14:47,515 [INFO] Saved data to data/output.parquet
2026-06-30 13:14:47,530 [INFO] Generated signals with shape (2000, 10)
2026-06-30 13:14:47,683 [INFO] Visualization saved.
2026-06-30 13:14:51,154 [INFO] Starting tweet pipeline...
2026-06-30 13:14:51,177 [INFO] Collected 2000 tweets.
2026-06-30 13:14:51,200 [INFO] Cleaned dataset: 2000 tweets after deduplication.
2026-06-30 13:14:51,239 [INFO] Saved data to data/output.parquet
2026-06-30 13:14:51,255 [INFO] Generated signals with shape (2000, 10)
2026-06-30 13:14:51,411 [INFO] Visualization saved.
2026-06-30 13:14:56,521 [INFO] Starting tweet pipeline...
2026-06-30 13:14:56,546 [INFO] Collected 2000 tweets.
2026-06-30 13:14:56,569 [INFO] Cleaned dataset: 2000 tweets after deduplication.
2026-06-30 13:14:56,610 [INFO] Saved data to data/output.parquet
2026-06-30 13:14:56,625 [INFO] Generated signals with shape (2000, 10)
2026-06-30 13:14:56,781 [INFO] Visualization saved.
2026-06-30 13:15:05,117 [INFO] Starting tweet pipeline...
2026-06-30 13:15:05,140 [INFO] Collected 2000 tweets.
2026-06-30 13:15:05,165 [INFO] Cleaned dataset: 2000 tweets after deduplication.
2026-06-30 13:15:05,205 [INFO] Saved data to data/output.parquet
2026-06-30 13:15:05,220 [INFO] Generated signals with shape (2000, 10)
2026-06-30 13:15:05,378 [INFO] Visualization saved.
2026-06-30 13:15:20,466 [INFO] Starting tweet pipeline...
2026-06-30 13:15:20,495 [INFO] Collected 2000 tweets.
2026-06-30 13:15:20,522 [INFO] Cleaned dataset: 2000 tweets after deduplication.
2026-06-30 13:15:20,568 [INFO] Saved data to data/output.parquet
2026-06-30 13:15:20,585 [INFO] Generated signals with shape (2000, 10)
2026-06-30 13:15:20,759 [INFO] Visualization saved.
2026-06-30 13:15:48,935 [INFO] Starting tweet pipeline...
2026-06-30 13:15:48,977 [INFO] Collected 2000 tweets.
2026-06-30 13:15:49,007 [INFO] Cleaned dataset: 2000 tweets after deduplication.
2026-06-30 13:15:49,061 [INFO] Saved data to data/output.parquet
2026-06-30 13:15:49,079 [INFO] Generated signals with shape (2000, 10)
2026-06-30 13:15:49,255 [INFO] Visualization saved.
2026-06-30 13:16:05,199 [INFO] Starting tweet pipeline...
2026-06-30 13:16:05,227 [INFO] Collected 2000 tweets.
2026-06-30 13:16:05,253 [INFO] Cleaned dataset: 2000 tweets after deduplication.
2026-06-30 13:16:05,293 [INFO] Saved data to data/output.parquet
2026-06-30 13:16:05,312 [INFO] Generated signals with shape (2000, 13)
2026-06-30 13:16:05,544 [INFO] Visualization saved.
2026-06-30 13:16:07,540 [INFO] Starting tweet pipeline...
2026-06-30 13:16:07,564 [INFO] Collected 2000 tweets.
2026-06-30 13:16:07,588 [INFO] Cleaned dataset: 2000 tweets after deduplication.
2026-06-30 13:16:07,628 [INFO] Saved data to data/output.parquet
2026-06-30 13:16:07,646 [INFO] Generated signals with shape (2000, 13)
2026-06-30 13:16:07,870 [INFO] Visualization saved.
2026-06-30 13:16:09,859 [INFO] Starting tweet pipeline...
2026-06-30 13:16:09,883 [INFO] Collected 2000 tweets.
2026-06-30 13:16:09,908 [INFO] Cleaned dataset: 2000 tweets after deduplication.
2026-06-30 13:16:09,947 [INFO] Saved data to data/output.parquet
2026-06-30 13:16:09,965 [INFO] Generated signals with shape (2000, 13)
2026-06-30 13:16:10,188 [INFO] Visualization saved.
2026-06-30 13:16:12,655 [INFO] Starting tweet pipeline...
2026-06-30 13:16:12,680 [INFO] Collected 2000 tweets.
2026-06-30 13:16:12,706 [INFO] Cleaned dataset: 2000 tweets after deduplication.
2026-06-30 13:16:12,748 [INFO] Saved data to data/output.parquet
2026-06-30 13:16:12,766 [INFO] Generated signals with shape (2000, 13)
2026-06-30 13:16:13,014 [INFO] Visualization saved.
2026-06-30 13:16:15,792 [INFO] Starting tweet pipeline...
2026-06-30 13:16:15,815 [INFO] Collected 2000 tweets.
2026-06-30 13:16:15,839 [INFO] Cleaned dataset: 2000 tweets after deduplication.
2026-06-30 13:16:15,879 [INFO] Saved data to data/output.parquet
2026-06-30 13:16:15,897 [INFO] Generated signals with shape (2000, 13)
2026-06-30 13:16:16,125 [INFO] Visualization saved.
2026-06-30 13:16:19,771 [INFO] Starting tweet pipeline...
2026-06-30 13:16:19,796 [INFO] Collected 2000 tweets.
2026-06-30 13:16:19,822 [INFO] Cleaned dataset: 2000 tweets after deduplication.
2026-06-30 13:16:19,864 [INFO] Saved data to data/output.parquet
2026-06-30 13:16:19,882 [INFO] Generated signals with shape (2000, 13)
2026-06-30 13:16:20,114 [INFO] Visualization saved.
2026-06-30 13:16:25,655 [INFO] Starting tweet pipeline...
2026-06-30 13:16:25,683 [INFO] Collected 2000 tweets.
2026-06-30 13:16:25,710 [INFO] Cleaned dataset: 2000 tweets after deduplication.
2026-06-30 13:16:25,772 [INFO] Saved data to data/output.parquet
2026-06-30 13:16:25,794 [INFO] Generated signals with shape (2000, 13)
2026-06-30 13:16:26,043 [INFO] Visualization saved.
2026-06-30 13:16:34,917 [INFO] Starting tweet pipeline...
2026-06-30 13:16:34,947 [INFO] Collected 2000 tweets.
2026-06-30 13:16:34,976 [INFO] Cleaned dataset: 2000 tweets after deduplication.
2026-06-30 13:16:35,024 [INFO] Saved data to data/output.parquet
2026-06-30 13:16:35,044 [INFO] Generated signals with shape (2000, 13)
2026-06-30 13:16:35,317 [INFO] Visualization saved.
2026-06-30 13:16:52,324 [INFO] Starting tweet pipeline...
2026-06-30 13:16:52,350 [INFO] Collected 2000 tweets.
2026-06-30 13:16:52,377 [INFO] Cleaned dataset: 2000 tweets after deduplication.
2026-06-30 13:16:52,418 [INFO] Saved data to data/output.parquet
2026-06-30 13:16:54,439 [INFO] Starting tweet pipeline...
2026-06-30 13:16:54,462 [INFO] Collected 2000 tweets.
2026-06-30 13:16:54,486 [INFO] Cleaned dataset: 2000 tweets after deduplication.
2026-06-30 13:16:54,527 [INFO] Saved data to data/output.parquet
2026-06-30 13:16:56,676 [INFO] Starting tweet pipeline...
2026-06-30 13:16:56,700 [INFO] Collected 2000 tweets.
2026-06-30 13:16:56,724 [INFO] Cleaned dataset: 2000 tweets after deduplication.
2026-06-30 13:16:56,764 [INFO] Saved data to data/output.parquet
2026-06-30 13:16:59,224 [INFO] Starting tweet pipeline...
2026-06-30 13:16:59,249 [INFO] Collected 2000 tweets.
2026-06-30 13:16:59,274 [INFO] Cleaned dataset: 2000 tweets after deduplication.
2026-06-30 13:16:59,316 [INFO] Saved data to data/output.parquet
2026-06-30 13:17:02,075 [INFO] Starting tweet pipeline...
2026-06-30 13:17:02,099 [INFO] Collected 2000 tweets.
2026-06-30 13:17:02,122 [INFO] Cleaned dataset: 2000 tweets after deduplication.
2026-06-30 13:17:02,164 [INFO] Saved data to data/output.parquet
2026-06-30 13:17:05,853 [INFO] Starting tweet pipeline...
2026-06-30 13:17:05,878 [INFO] Collected 2000 tweets.
2026-06-30 13:17:05,903 [INFO] Cleaned dataset: 2000 tweets after deduplication.
2026-06-30 13:17:05,944 [INFO] Saved data to data/output.parquet
2026-06-30 13:17:11,269 [INFO] Starting tweet pipeline...
2026-06-30 13:17:11,294 [INFO] Collected 2000 tweets.
2026-06-30 13:17:11,320 [INFO] Cleaned dataset: 2000 tweets after deduplication.
2026-06-30 13:17:11,362 [INFO] Saved data to data/output.parquet
2026-06-30 13:17:18,784 [INFO] Starting tweet pipeline...
2026-06-30 13:17:18,808 [INFO] Collected 2000 tweets.
2026-06-30 13:17:18,833 [INFO] Cleaned dataset: 2000 tweets after deduplication.
2026-06-30 13:17:18,873 [INFO] Saved data to data/output.parquet
2026-06-30 13:17:18,901 [INFO] Generated signals with shape (2000, 13)
2026-06-30 13:17:19,212 [INFO] Visualization saved.
2026-06-30 13:17:21,226 [INFO] Starting tweet pipeline...
2026-06-30 13:17:21,250 [INFO] Collected 2000 tweets.
2026-06-30 13:17:21,274 [INFO] Cleaned dataset: 2000 tweets after deduplication.
2026-06-30 13:17:21,314 [INFO] Saved data to data/output.parquet
2026-06-30 13:17:21,341 [INFO] Generated signals with shape (2000, 13)
2026-06-30 13:17:21,654 [INFO] Visualization saved.
2026-06-30 13:17:23,813 [INFO] Starting tweet pipeline...
2026-06-30 13:17:23,837 [INFO] Collected 2000 tweets.
2026-06-30 13:17:23,862 [INFO] Cleaned dataset: 2000 tweets after deduplication.
2026-06-30 13:17:23,902 [INFO] Saved data to data/output.parquet
2026-06-30 13:17:23,929 [INFO] Generated signals with shape (2000, 13)
2026-06-30 13:17:24,259 [INFO] Visualization saved.
2026-06-30 13:17:26,731 [INFO] Starting tweet pipeline...
2026-06-30 13:17:26,755 [INFO] Collected 2000 tweets.
2026-06-30 13:17:26,780 [INFO] Cleaned dataset: 2000 tweets after deduplication.
2026-06-30 13:17:26,821 [INFO] Saved data to data/output.parquet
2026-06-30 13:17:26,851 [INFO] Generated signals with shape (2000, 13)
2026-06-30 13:17:27,203 [INFO] Visualization saved.
2026-06-30 13:17:30,011 [INFO] Starting tweet pipeline...
2026-06-30 13:17:30,037 [INFO] Collected 2000 tweets.
2026-06-30 13:17:30,063 [INFO] Cleaned dataset: 2000 tweets after deduplication.
2026-06-30 13:17:30,104 [INFO] Saved data to data/output.parquet
2026-06-30 13:17:30,131 [INFO] Generated signals with shape (2000, 13)
2026-06-30 13:17:30,437 [INFO] Visualization saved.
2026-06-30 13:17:33,960 [INFO] Starting tweet pipeline...
2026-06-30 13:17:33,984 [INFO] Collected 2000 tweets.
2026-06-30 13:17:34,008 [INFO] Cleaned dataset: 2000 tweets after deduplication.
2026-06-30 13:17:34,048 [INFO] Saved data to data/output.parquet
2026-06-30 13:17:34,074 [INFO] Generated signals with shape (2000, 13)
2026-06-30 13:17:34,390 [INFO] Visualization saved.
2026-06-30 13:17:39,781 [INFO] Starting tweet pipeline...
2026-06-30 13:17:39,806 [INFO] Collected 2000 tweets.
2026-06-30 13:17:39,832 [INFO] Cleaned dataset: 2000 tweets after deduplication.
2026-06-30 13:17:39,878 [INFO] Saved data to data/output.parquet
2026-06-30 13:17:39,906 [INFO] Generated signals with shape (2000, 13)
2026-06-30 13:17:40,229 [INFO] Visualization saved.
2026-06-30 13:17:49,111 [INFO] Starting tweet pipeline...
2026-06-30 13:17:49,167 [INFO] Collected 2000 tweets.
2026-06-30 13:17:49,213 [INFO] Cleaned dataset: 2000 tweets after deduplication.
2026-06-30 13:17:49,261 [INFO] Saved data to data/output.parquet
2026-06-30 13:17:49,291 [INFO] Generated signals with shape (2000, 13)
2026-06-30 13:17:49,621 [INFO] Visualization saved.
2026-06-30 13:18:04,549 [INFO] Starting tweet pipeline...
2026-06-30 13:18:04,575 [INFO] Collected 2000 tweets.
2026-06-30 13:18:04,602 [INFO] Cleaned dataset: 2000 tweets after deduplication.
2026-06-30 13:18:04,646 [INFO] Saved data to data/output.parquet
2026-06-30 13:18:04,675 [INFO] Generated signals with shape (2000, 13)
2026-06-30 13:18:04,994 [INFO] Visualization saved.
2026-06-30 13:18:29,971 [INFO] Starting tweet pipeline...
2026-06-30 13:18:29,996 [INFO] Collected 2000 tweets.
2026-06-30 13:18:30,021 [INFO] Cleaned dataset: 2000 tweets after deduplication.
2026-06-30 13:18:30,060 [INFO] Saved data to data/output.parquet
2026-06-30 13:18:30,089 [INFO] Generated signals with shape (2000, 13)
2026-06-30 13:18:30,492 [INFO] Visualization saved.
2026-06-30 13:18:32,610 [INFO] Starting tweet pipeline...
2026-06-30 13:18:32,638 [INFO] Collected 2000 tweets.
2026-06-30 13:18:32,666 [INFO] Cleaned dataset: 2000 tweets after deduplication.
2026-06-30 13:18:32,705 [INFO] Saved data to data/output.parquet
2026-06-30 13:18:32,733 [INFO] Generated signals with shape (2000, 13)
2026-06-30 13:18:33,188 [INFO] Visualization saved.
2026-06-30 13:18:35,269 [INFO] Starting tweet pipeline...
2026-06-30 13:18:35,293 [INFO] Collected 2000 tweets.
2026-06-30 13:18:35,316 [INFO] Cleaned dataset: 2000 tweets after deduplication.
2026-06-30 13:18:35,356 [INFO] Saved data to data/output.parquet
2026-06-30 13:18:35,383 [INFO] Generated signals with shape (2000, 13)
2026-06-30 13:18:35,793 [INFO] Visualization saved.
2026-06-30 13:18:38,146 [INFO] Starting tweet pipeline...
2026-06-30 13:18:38,169 [INFO] Collected 2000 tweets.
2026-06-30 13:18:38,194 [INFO] Cleaned dataset: 2000 tweets after deduplication.
2026-06-30 13:18:38,234 [INFO] Saved data to data/output.parquet
2026-06-30 13:18:38,262 [INFO] Generated signals with shape (2000, 13)
2026-06-30 13:18:38,664 [INFO] Visualization saved.
2026-06-30 13:18:41,416 [INFO] Starting tweet pipeline...
2026-06-30 13:18:41,440 [INFO] Collected 2000 tweets.
2026-06-30 13:18:41,466 [INFO] Cleaned dataset: 2000 tweets after deduplication.
2026-06-30 13:18:41,506 [INFO] Saved data to data/output.parquet
2026-06-30 13:18:41,534 [INFO] Generated signals with shape (2000, 13)
2026-06-30 13:18:41,979 [INFO] Visualization saved.
2026-06-30 13:18:45,529 [INFO] Starting tweet pipeline...
2026-06-30 13:18:45,556 [INFO] Collected 2000 tweets.
2026-06-30 13:18:45,582 [INFO] Cleaned dataset: 2000 tweets after deduplication.
2026-06-30 13:18:45,624 [INFO] Saved data to data/output.parquet
2026-06-30 13:18:45,654 [INFO] Generated signals with shape (2000, 13)
2026-06-30 13:18:46,124 [INFO] Visualization saved.
2026-06-30 13:18:51,274 [INFO] Starting tweet pipeline...
2026-06-30 13:18:51,299 [INFO] Collected 2000 tweets.
2026-06-30 13:18:51,323 [INFO] Cleaned dataset: 2000 tweets after deduplication.
2026-06-30 13:18:51,364 [INFO] Saved data to data/output.parquet
2026-06-30 13:18:51,392 [INFO] Generated signals with shape (2000, 13)
2026-06-30 13:18:51,866 [INFO] Visualization saved.
2026-06-30 13:19:00,411 [INFO] Starting tweet pipeline...
2026-06-30 13:19:00,438 [INFO] Collected 2000 tweets.
2026-06-30 13:19:00,467 [INFO] Cleaned dataset: 2000 tweets after deduplication.
2026-06-30 13:19:00,513 [INFO] Saved data to data/output.parquet
2026-06-30 13:19:00,544 [INFO] Generated signals with shape (2000, 13)
2026-06-30 13:19:00,979 [INFO] Visualization saved.
2026-06-30 13:19:16,204 [INFO] Starting tweet pipeline...
2026-06-30 13:19:16,238 [INFO] Collected 2000 tweets.
2026-06-30 13:19:16,265 [INFO] Cleaned dataset: 2000 tweets after deduplication.
2026-06-30 13:19:16,312 [INFO] Saved data to data/output.parquet
2026-06-30 13:19:16,343 [INFO] Generated signals with shape (2000, 13)
2026-06-30 13:19:16,798 [INFO] Visualization saved.
2026-06-30 13:19:46,180 [INFO] Starting tweet pipeline...
2026-06-30 13:19:46,206 [INFO] Collected 2000 tweets.
2026-06-30 13:19:46,233 [INFO] Cleaned dataset: 2000 tweets after deduplication.
2026-06-30 13:19:46,274 [INFO] Saved data to data/output.parquet
2026-06-30 13:19:48,320 [INFO] Starting tweet pipeline...
2026-06-30 13:19:48,344 [INFO] Collected 2000 tweets.
2026-06-30 13:19:48,369 [INFO] Cleaned dataset: 2000 tweets after deduplication.
2026-06-30 13:19:48,411 [INFO] Saved data to data/output.parquet
2026-06-30 13:19:50,532 [INFO] Starting tweet pipeline...
2026-06-30 13:19:50,556 [INFO] Collected 2000 tweets.
2026-06-30 13:19:50,581 [INFO] Cleaned dataset: 2000 tweets after deduplication.
2026-06-30 13:19:50,621 [INFO] Saved data to data/output.parquet
2026-06-30 13:19:52,949 [INFO] Starting tweet pipeline...
2026-06-30 13:19:52,972 [INFO] Collected 2000 tweets.
2026-06-30 13:19:52,995 [INFO] Cleaned dataset: 2000 tweets after deduplication.
2026-06-30 13:19:53,035 [INFO] Saved data to data/output.parquet
2026-06-30 13:19:55,829 [INFO] Starting tweet pipeline...
2026-06-30 13:19:55,853 [INFO] Collected 2000 tweets.
2026-06-30 13:19:55,876 [INFO] Cleaned dataset: 2000 tweets after deduplication.
2026-06-30 13:19:55,917 [INFO] Saved data to data/output.parquet
2026-06-30 13:19:59,466 [INFO] Starting tweet pipeline...
2026-06-30 13:19:59,490 [INFO] Collected 2000 tweets.
2026-06-30 13:19:59,515 [INFO] Cleaned dataset: 2000 tweets after deduplication.
2026-06-30 13:19:59,558 [INFO] Saved data to data/output.parquet
2026-06-30 13:20:04,918 [INFO] Starting tweet pipeline...
2026-06-30 13:20:04,946 [INFO] Collected 2000 tweets.
2026-06-30 13:20:05,002 [INFO] Cleaned dataset: 2000 tweets after deduplication.
2026-06-30 13:20:05,056 [INFO] Saved data to data/output.parquet
2026-06-30 13:20:16,176 [INFO] Starting tweet pipeline...
2026-06-30 13:20:16,202 [INFO] Collected 2000 tweets.
2026-06-30 13:20:16,227 [INFO] Cleaned dataset: 2000 tweets after deduplication.
2026-06-30 13:20:16,268 [INFO] Saved data to data/output.parquet
2026-06-30 13:20:16,306 [INFO] Daily sentiment index:
date
2026-06-29    1.675204
2026-06-30    1.668689
Name: score, dtype: float64
2026-06-30 13:20:16,828 [INFO] Visualization saved.
2026-06-30 13:20:18,863 [INFO] Starting tweet pipeline...
2026-06-30 13:20:18,887 [INFO] Collected 2000 tweets.
2026-06-30 13:20:18,912 [INFO] Cleaned dataset: 2000 tweets after deduplication.
2026-06-30 13:20:18,952 [INFO] Saved data to data/output.parquet
2026-06-30 13:20:18,987 [INFO] Daily sentiment index:
date
2026-06-29    1.674745
2026-06-30    1.672232
Name: score, dtype: float64
2026-06-30 13:20:19,540 [INFO] Visualization saved.
2026-06-30 13:20:21,629 [INFO] Starting tweet pipeline...
2026-06-30 13:20:21,652 [INFO] Collected 2000 tweets.
2026-06-30 13:20:21,677 [INFO] Cleaned dataset: 2000 tweets after deduplication.
2026-06-30 13:20:21,717 [INFO] Saved data to data/output.parquet
2026-06-30 13:20:21,752 [INFO] Daily sentiment index:
date
2026-06-29    1.673833
2026-06-30    1.673206
Name: score, dtype: float64
2026-06-30 13:20:22,289 [INFO] Visualization saved.
2026-06-30 13:20:24,630 [INFO] Starting tweet pipeline...
2026-06-30 13:20:24,654 [INFO] Collected 2000 tweets.
2026-06-30 13:20:24,677 [INFO] Cleaned dataset: 2000 tweets after deduplication.
2026-06-30 13:20:24,717 [INFO] Saved data to data/output.parquet
2026-06-30 13:20:24,755 [INFO] Daily sentiment index:
date
2026-06-29    1.672908
2026-06-30    1.672970
Name: score, dtype: float64
2026-06-30 13:20:25,294 [INFO] Visualization saved.
2026-06-30 13:20:28,036 [INFO] Starting tweet pipeline...
2026-06-30 13:20:28,060 [INFO] Collected 2000 tweets.
2026-06-30 13:20:28,084 [INFO] Cleaned dataset: 2000 tweets after deduplication.
2026-06-30 13:20:28,124 [INFO] Saved data to data/output.parquet
2026-06-30 13:20:28,160 [INFO] Daily sentiment index:
date
2026-06-29    1.671314
2026-06-30    1.673134
Name: score, dtype: float64
2026-06-30 13:20:28,699 [INFO] Visualization saved.
2026-06-30 13:20:32,449 [INFO] Starting tweet pipeline...
2026-06-30 13:20:32,478 [INFO] Collected 2000 tweets.
2026-06-30 13:20:32,507 [INFO] Cleaned dataset: 2000 tweets after deduplication.
2026-06-30 13:20:32,552 [INFO] Saved data to data/output.parquet
2026-06-30 13:20:32,589 [INFO] Daily sentiment index:
date
2026-06-29    1.674417
2026-06-30    1.670027
Name: score, dtype: float64
2026-06-30 13:20:33,106 [INFO] Visualization saved.
2026-06-30 13:20:38,582 [INFO] Starting tweet pipeline...
2026-06-30 13:20:38,613 [INFO] Collected 2000 tweets.
2026-06-30 13:20:38,639 [INFO] Cleaned dataset: 2000 tweets after deduplication.
2026-06-30 13:20:38,682 [INFO] Saved data to data/output.parquet
2026-06-30 13:20:38,719 [INFO] Daily sentiment index:
date
2026-06-29    1.670280
2026-06-30    1.674395
Name: score, dtype: float64
2026-06-30 13:20:39,294 [INFO] Visualization saved.
2026-06-30 13:20:47,805 [INFO] Starting tweet pipeline...
2026-06-30 13:20:47,831 [INFO] Collected 2000 tweets.
2026-06-30 13:20:47,857 [INFO] Cleaned dataset: 2000 tweets after deduplication.
2026-06-30 13:20:47,902 [INFO] Saved data to data/output.parquet
2026-06-30 13:20:47,940 [INFO] Daily sentiment index:
date
2026-06-29    1.671574
2026-06-30    1.672190
Name: score, dtype: float64
2026-06-30 13:20:48,592 [INFO] Visualization saved.
2026-06-30 13:21:03,722 [INFO] Starting tweet pipeline...
2026-06-30 13:21:03,749 [INFO] Collected 2000 tweets.
2026-06-30 13:21:03,775 [INFO] Cleaned dataset: 2000 tweets after deduplication.
2026-06-30 13:21:03,819 [INFO] Saved data to data/output.parquet
2026-06-30 13:21:03,854 [INFO] Daily sentiment index:
date
2026-06-29    1.671058
2026-06-30    1.671276
Name: score, dtype: float64
2026-06-30 13:21:04,370 [INFO] Visualization saved.
